CRITICAL - 2024-08-07 00:14:20 --> CodeIgniter\View\Exceptions\ViewException: Invalid file: "template/admin_header.php"
[Method: GET, Route: admin/artikel]
in SYSTEMPATH/Exceptions/FrameworkException.php on line 41.
 1 SYSTEMPATH/View/View.php(222): CodeIgniter\Exceptions\FrameworkException::forInvalidFile('template/admin_header.php')
 2 SYSTEMPATH/View/View.php(487): CodeIgniter\View\View->render('template/admin_header', null, true)
 3 APPPATH/Views/artikel/admin_index.php(1): CodeIgniter\View\View->include('template/admin_header')
 4 SYSTEMPATH/View/View.php(234): include('/Users/adamhaykalfirdaus/Desktop/uts1/app/Views/artikel/admin_index.php')
 5 SYSTEMPATH/View/View.php(237): CodeIgniter\View\View->CodeIgniter\View\{closure}()
 6 SYSTEMPATH/Common.php(1169): CodeIgniter\View\View->render('artikel/admin_index', [], true)
 7 APPPATH/Controllers/Artikel.php(29): view('artikel/admin_index', [...])
 8 SYSTEMPATH/CodeIgniter.php(933): App\Controllers\Artikel->admin_index()
 9 SYSTEMPATH/CodeIgniter.php(509): CodeIgniter\CodeIgniter->runController(Object(App\Controllers\Artikel))
10 SYSTEMPATH/CodeIgniter.php(355): CodeIgniter\CodeIgniter->handleRequest(null, Object(Config\Cache), false)
11 SYSTEMPATH/Boot.php(325): CodeIgniter\CodeIgniter->run()
12 SYSTEMPATH/Boot.php(67): CodeIgniter\Boot::runCodeIgniter(Object(CodeIgniter\CodeIgniter))
13 FCPATH/index.php(56): CodeIgniter\Boot::bootWeb(Object(Config\Paths))
14 SYSTEMPATH/rewrite.php(44): require_once('/Users/adamhaykalfirdaus/Desktop/uts1/public/index.php')
CRITICAL - 2024-08-07 00:14:30 --> CodeIgniter\View\Exceptions\ViewException: Invalid file: "template/admin_header.php"
[Method: GET, Route: admin/artikel]
in SYSTEMPATH/Exceptions/FrameworkException.php on line 41.
 1 SYSTEMPATH/View/View.php(222): CodeIgniter\Exceptions\FrameworkException::forInvalidFile('template/admin_header.php')
 2 SYSTEMPATH/View/View.php(487): CodeIgniter\View\View->render('template/admin_header', null, true)
 3 APPPATH/Views/artikel/admin_index.php(1): CodeIgniter\View\View->include('template/admin_header')
 4 SYSTEMPATH/View/View.php(234): include('/Users/adamhaykalfirdaus/Desktop/uts1/app/Views/artikel/admin_index.php')
 5 SYSTEMPATH/View/View.php(237): CodeIgniter\View\View->CodeIgniter\View\{closure}()
 6 SYSTEMPATH/Common.php(1169): CodeIgniter\View\View->render('artikel/admin_index', [], true)
 7 APPPATH/Controllers/Artikel.php(29): view('artikel/admin_index', [...])
 8 SYSTEMPATH/CodeIgniter.php(933): App\Controllers\Artikel->admin_index()
 9 SYSTEMPATH/CodeIgniter.php(509): CodeIgniter\CodeIgniter->runController(Object(App\Controllers\Artikel))
10 SYSTEMPATH/CodeIgniter.php(355): CodeIgniter\CodeIgniter->handleRequest(null, Object(Config\Cache), false)
11 SYSTEMPATH/Boot.php(325): CodeIgniter\CodeIgniter->run()
12 SYSTEMPATH/Boot.php(67): CodeIgniter\Boot::runCodeIgniter(Object(CodeIgniter\CodeIgniter))
13 FCPATH/index.php(56): CodeIgniter\Boot::bootWeb(Object(Config\Paths))
14 SYSTEMPATH/rewrite.php(44): require_once('/Users/adamhaykalfirdaus/Desktop/uts1/public/index.php')
CRITICAL - 2024-08-07 00:24:09 --> TypeError: url_title(): Argument #1 ($str) must be of type string, null given, called in /Users/adamhaykalfirdaus/Desktop/uts1/app/Controllers/Artikel.php on line 68
[Method: GET, Route: admin/artikel/edit/1]
in SYSTEMPATH/Helpers/url_helper.php on line 426.
 1 APPPATH/Controllers/Artikel.php(68): url_title(null, '-', true)
 2 SYSTEMPATH/CodeIgniter.php(933): App\Controllers\Artikel->edit('1')
 3 SYSTEMPATH/CodeIgniter.php(509): CodeIgniter\CodeIgniter->runController(Object(App\Controllers\Artikel))
 4 SYSTEMPATH/CodeIgniter.php(355): CodeIgniter\CodeIgniter->handleRequest(null, Object(Config\Cache), false)
 5 SYSTEMPATH/Boot.php(325): CodeIgniter\CodeIgniter->run()
 6 SYSTEMPATH/Boot.php(67): CodeIgniter\Boot::runCodeIgniter(Object(CodeIgniter\CodeIgniter))
 7 FCPATH/index.php(56): CodeIgniter\Boot::bootWeb(Object(Config\Paths))
 8 SYSTEMPATH/rewrite.php(44): require_once('/Users/adamhaykalfirdaus/Desktop/uts1/public/index.php')
CRITICAL - 2024-08-07 00:25:49 --> TypeError: url_title(): Argument #1 ($str) must be of type string, null given, called in /Users/adamhaykalfirdaus/Desktop/uts1/app/Controllers/Artikel.php on line 68
[Method: GET, Route: admin/artikel/edit/2]
in SYSTEMPATH/Helpers/url_helper.php on line 426.
 1 APPPATH/Controllers/Artikel.php(68): url_title(null, '-', true)
 2 SYSTEMPATH/CodeIgniter.php(933): App\Controllers\Artikel->edit('2')
 3 SYSTEMPATH/CodeIgniter.php(509): CodeIgniter\CodeIgniter->runController(Object(App\Controllers\Artikel))
 4 SYSTEMPATH/CodeIgniter.php(355): CodeIgniter\CodeIgniter->handleRequest(null, Object(Config\Cache), false)
 5 SYSTEMPATH/Boot.php(325): CodeIgniter\CodeIgniter->run()
 6 SYSTEMPATH/Boot.php(67): CodeIgniter\Boot::runCodeIgniter(Object(CodeIgniter\CodeIgniter))
 7 FCPATH/index.php(56): CodeIgniter\Boot::bootWeb(Object(Config\Paths))
 8 SYSTEMPATH/rewrite.php(44): require_once('/Users/adamhaykalfirdaus/Desktop/uts1/public/index.php')
CRITICAL - 2024-08-07 00:34:11 --> ErrorException: Undefined variable $title
[Method: GET, Route: admin/artikel/edit/2]
in APPPATH/Views/template/admin_header.php on line 5.
 1 APPPATH/Views/template/admin_header.php(5): CodeIgniter\Debug\Exceptions->errorHandler(2, 'Undefined variable $title', '/Users/adamhaykalfirdaus/Desktop/uts1/app/Views/template/admin_header.php', 5)
 2 SYSTEMPATH/View/View.php(234): include('/Users/adamhaykalfirdaus/Desktop/uts1/app/Views/template/admin_header.php')
 3 SYSTEMPATH/View/View.php(237): CodeIgniter\View\View->CodeIgniter\View\{closure}()
 4 SYSTEMPATH/View/View.php(487): CodeIgniter\View\View->render('template/admin_header', null, true)
 5 APPPATH/Views/artikel/edit.php(1): CodeIgniter\View\View->include('template/admin_header')
 6 SYSTEMPATH/View/View.php(234): include('/Users/adamhaykalfirdaus/Desktop/uts1/app/Views/artikel/edit.php')
 7 SYSTEMPATH/View/View.php(237): CodeIgniter\View\View->CodeIgniter\View\{closure}()
 8 SYSTEMPATH/Common.php(1169): CodeIgniter\View\View->render('artikel/edit', [], true)
 9 APPPATH/Controllers/Artikel.php(92): view('artikel/edit', [...])
10 SYSTEMPATH/CodeIgniter.php(933): App\Controllers\Artikel->edit('2')
11 SYSTEMPATH/CodeIgniter.php(509): CodeIgniter\CodeIgniter->runController(Object(App\Controllers\Artikel))
12 SYSTEMPATH/CodeIgniter.php(355): CodeIgniter\CodeIgniter->handleRequest(null, Object(Config\Cache), false)
13 SYSTEMPATH/Boot.php(325): CodeIgniter\CodeIgniter->run()
14 SYSTEMPATH/Boot.php(67): CodeIgniter\Boot::runCodeIgniter(Object(CodeIgniter\CodeIgniter))
15 FCPATH/index.php(56): CodeIgniter\Boot::bootWeb(Object(Config\Paths))
16 SYSTEMPATH/rewrite.php(44): require_once('/Users/adamhaykalfirdaus/Desktop/uts1/public/index.php')
CRITICAL - 2024-08-07 00:37:39 --> TypeError: url_title(): Argument #1 ($str) must be of type string, null given, called in /Users/adamhaykalfirdaus/Desktop/uts1/app/Controllers/Artikel.php on line 73
[Method: GET, Route: admin/artikel/edit/2]
in SYSTEMPATH/Helpers/url_helper.php on line 426.
 1 APPPATH/Controllers/Artikel.php(73): url_title(null, '-', true)
 2 SYSTEMPATH/CodeIgniter.php(933): App\Controllers\Artikel->edit('2')
 3 SYSTEMPATH/CodeIgniter.php(509): CodeIgniter\CodeIgniter->runController(Object(App\Controllers\Artikel))
 4 SYSTEMPATH/CodeIgniter.php(355): CodeIgniter\CodeIgniter->handleRequest(null, Object(Config\Cache), false)
 5 SYSTEMPATH/Boot.php(325): CodeIgniter\CodeIgniter->run()
 6 SYSTEMPATH/Boot.php(67): CodeIgniter\Boot::runCodeIgniter(Object(CodeIgniter\CodeIgniter))
 7 FCPATH/index.php(56): CodeIgniter\Boot::bootWeb(Object(Config\Paths))
 8 SYSTEMPATH/rewrite.php(44): require_once('/Users/adamhaykalfirdaus/Desktop/uts1/public/index.php')
INFO - 2024-08-07 00:51:40 --> Session: Class initialized using 'CodeIgniter\Session\Handlers\FileHandler' driver.
INFO - 2024-08-07 00:51:56 --> Session: Class initialized using 'CodeIgniter\Session\Handlers\FileHandler' driver.
INFO - 2024-08-07 00:51:56 --> Session: Class initialized using 'CodeIgniter\Session\Handlers\FileHandler' driver.
CRITICAL - 2024-08-07 00:56:02 --> ParseError: syntax error, unexpected single-quoted string "csrf", expecting "]"
[Method: GET, Route: /]
in APPPATH/Config/Filters.php on line 29.
 1 SYSTEMPATH/Autoloader/Autoloader.php(296): CodeIgniter\Autoloader\Autoloader->includeFile('/Users/adamhaykalfirdaus/Desktop/uts1/app/Config/Filters.php')
 2 SYSTEMPATH/Autoloader/Autoloader.php(272): CodeIgniter\Autoloader\Autoloader->loadInNamespace('Config\\Filters')
 3 [internal function]: CodeIgniter\Autoloader\Autoloader->loadClass('Config\\Filters')
 4 SYSTEMPATH/Config/Factories.php(297): class_exists('Config\\Filters')
 5 SYSTEMPATH/Config/Factories.php(216): CodeIgniter\Config\Factories::locateClass([...], 'Config\\Filters')
 6 SYSTEMPATH/Config/Factories.php(159): CodeIgniter\Config\Factories::getDefinedInstance([...], 'Config\\Filters', [])
 7 SYSTEMPATH/Config/Factories.php(188): CodeIgniter\Config\Factories::__callStatic('config', [])
 8 SYSTEMPATH/Common.php(207): CodeIgniter\Config\Factories::get('config', 'Config\\Filters')
 9 SYSTEMPATH/Config/Services.php(295): config('Config\\Filters')
10 SYSTEMPATH/Config/BaseService.php(312): CodeIgniter\Config\Services::filters(null, false)
11 SYSTEMPATH/Config/BaseService.php(251): CodeIgniter\Config\BaseService::__callStatic('filters', [...])
12 SYSTEMPATH/Config/Services.php(292): CodeIgniter\Config\BaseService::getSharedInstance('filters', null)
13 SYSTEMPATH/Config/BaseService.php(321): CodeIgniter\Config\Services::filters()
14 SYSTEMPATH/CodeIgniter.php(346): CodeIgniter\Config\BaseService::__callStatic('filters', [])
15 SYSTEMPATH/Boot.php(325): CodeIgniter\CodeIgniter->run()
16 SYSTEMPATH/Boot.php(67): CodeIgniter\Boot::runCodeIgniter(Object(CodeIgniter\CodeIgniter))
17 FCPATH/index.php(56): CodeIgniter\Boot::bootWeb(Object(Config\Paths))
18 SYSTEMPATH/rewrite.php(44): require_once('/Users/adamhaykalfirdaus/Desktop/uts1/public/index.php')
CRITICAL - 2024-08-07 00:56:05 --> ParseError: syntax error, unexpected single-quoted string "csrf", expecting "]"
[Method: GET, Route: /]
in APPPATH/Config/Filters.php on line 29.
 1 SYSTEMPATH/Autoloader/Autoloader.php(296): CodeIgniter\Autoloader\Autoloader->includeFile('/Users/adamhaykalfirdaus/Desktop/uts1/app/Config/Filters.php')
 2 SYSTEMPATH/Autoloader/Autoloader.php(272): CodeIgniter\Autoloader\Autoloader->loadInNamespace('Config\\Filters')
 3 [internal function]: CodeIgniter\Autoloader\Autoloader->loadClass('Config\\Filters')
 4 SYSTEMPATH/Config/Factories.php(297): class_exists('Config\\Filters')
 5 SYSTEMPATH/Config/Factories.php(216): CodeIgniter\Config\Factories::locateClass([...], 'Config\\Filters')
 6 SYSTEMPATH/Config/Factories.php(159): CodeIgniter\Config\Factories::getDefinedInstance([...], 'Config\\Filters', [])
 7 SYSTEMPATH/Config/Factories.php(188): CodeIgniter\Config\Factories::__callStatic('config', [])
 8 SYSTEMPATH/Common.php(207): CodeIgniter\Config\Factories::get('config', 'Config\\Filters')
 9 SYSTEMPATH/Config/Services.php(295): config('Config\\Filters')
10 SYSTEMPATH/Config/BaseService.php(312): CodeIgniter\Config\Services::filters(null, false)
11 SYSTEMPATH/Config/BaseService.php(251): CodeIgniter\Config\BaseService::__callStatic('filters', [...])
12 SYSTEMPATH/Config/Services.php(292): CodeIgniter\Config\BaseService::getSharedInstance('filters', null)
13 SYSTEMPATH/Config/BaseService.php(321): CodeIgniter\Config\Services::filters()
14 SYSTEMPATH/CodeIgniter.php(346): CodeIgniter\Config\BaseService::__callStatic('filters', [])
15 SYSTEMPATH/Boot.php(325): CodeIgniter\CodeIgniter->run()
16 SYSTEMPATH/Boot.php(67): CodeIgniter\Boot::runCodeIgniter(Object(CodeIgniter\CodeIgniter))
17 FCPATH/index.php(56): CodeIgniter\Boot::bootWeb(Object(Config\Paths))
18 SYSTEMPATH/rewrite.php(44): require_once('/Users/adamhaykalfirdaus/Desktop/uts1/public/index.php')
ERROR - 2024-08-07 01:00:56 --> ParseError: syntax error, unexpected single-quoted string "csrf", expecting "]" in /Users/adamhaykalfirdaus/Desktop/uts1/app/Config/Filters.php:29
Stack trace:
#0 /Users/adamhaykalfirdaus/Desktop/uts1/system/Autoloader/Autoloader.php(296): CodeIgniter\Autoloader\Autoloader->includeFile('/Users/adamhayk...')
#1 /Users/adamhaykalfirdaus/Desktop/uts1/system/Autoloader/Autoloader.php(272): CodeIgniter\Autoloader\Autoloader->loadInNamespace('Config\\Filters')
#2 [internal function]: CodeIgniter\Autoloader\Autoloader->loadClass('Config\\Filters')
#3 /Users/adamhaykalfirdaus/Desktop/uts1/system/Config/Factories.php(297): class_exists('Config\\Filters')
#4 /Users/adamhaykalfirdaus/Desktop/uts1/system/Config/Factories.php(216): CodeIgniter\Config\Factories::locateClass(Array, 'Config\\Filters')
#5 /Users/adamhaykalfirdaus/Desktop/uts1/system/Config/Factories.php(159): CodeIgniter\Config\Factories::getDefinedInstance(Array, 'Config\\Filters', Array)
#6 /Users/adamhaykalfirdaus/Desktop/uts1/system/Config/Factories.php(188): CodeIgniter\Config\Factories::__callStatic('config', Array)
#7 /Users/adamhaykalfirdaus/Desktop/uts1/system/Common.php(207): CodeIgniter\Config\Factories::get('config', 'Config\\Filters')
#8 /Users/adamhaykalfirdaus/Desktop/uts1/system/Config/Services.php(295): config('Config\\Filters')
#9 /Users/adamhaykalfirdaus/Desktop/uts1/system/Config/BaseService.php(312): CodeIgniter\Config\Services::filters(NULL, false)
#10 /Users/adamhaykalfirdaus/Desktop/uts1/system/Config/BaseService.php(251): CodeIgniter\Config\BaseService::__callStatic('filters', Array)
#11 /Users/adamhaykalfirdaus/Desktop/uts1/system/Config/Services.php(292): CodeIgniter\Config\BaseService::getSharedInstance('filters', NULL)
#12 /Users/adamhaykalfirdaus/Desktop/uts1/system/Config/BaseService.php(321): CodeIgniter\Config\Services::filters()
#13 /Users/adamhaykalfirdaus/Desktop/uts1/system/Config/BaseService.php(202): CodeIgniter\Config\BaseService::__callStatic('filters', Array)
#14 /Users/adamhaykalfirdaus/Desktop/uts1/system/Common.php(996): CodeIgniter\Config\BaseService::get('filters')
#15 /Users/adamhaykalfirdaus/Desktop/uts1/system/View/View.php(264): service('filters')
#16 /Users/adamhaykalfirdaus/Desktop/uts1/system/Common.php(1169): CodeIgniter\View\View->render('CodeIgniter\\Com...', Array, true)
#17 /Users/adamhaykalfirdaus/Desktop/uts1/system/CLI/GeneratorTrait.php(347): view('CodeIgniter\\Com...', Array, Array)
#18 /Users/adamhaykalfirdaus/Desktop/uts1/system/CLI/GeneratorTrait.php(390): CodeIgniter\Commands\Generators\SeederGenerator->renderTemplate(Array)
#19 /Users/adamhaykalfirdaus/Desktop/uts1/system/CLI/GeneratorTrait.php(253): CodeIgniter\Commands\Generators\SeederGenerator->parseTemplate('App\\Database\\Se...')
#20 /Users/adamhaykalfirdaus/Desktop/uts1/system/CLI/GeneratorTrait.php(400): CodeIgniter\Commands\Generators\SeederGenerator->prepare('App\\Database\\Se...')
#21 /Users/adamhaykalfirdaus/Desktop/uts1/system/CLI/GeneratorTrait.php(135): CodeIgniter\Commands\Generators\SeederGenerator->buildContent('App\\Database\\Se...')
#22 /Users/adamhaykalfirdaus/Desktop/uts1/system/Commands/Generators/SeederGenerator.php(84): CodeIgniter\Commands\Generators\SeederGenerator->generateClass(Array)
#23 /Users/adamhaykalfirdaus/Desktop/uts1/system/CLI/Commands.php(70): CodeIgniter\Commands\Generators\SeederGenerator->run(Array)
#24 /Users/adamhaykalfirdaus/Desktop/uts1/system/CLI/Console.php(48): CodeIgniter\CLI\Commands->run('make:seeder', Array)
#25 /Users/adamhaykalfirdaus/Desktop/uts1/system/Boot.php(351): CodeIgniter\CLI\Console->run()
#26 /Users/adamhaykalfirdaus/Desktop/uts1/system/Boot.php(104): CodeIgniter\Boot::runCommand(Object(CodeIgniter\CLI\Console))
#27 /Users/adamhaykalfirdaus/Desktop/uts1/spark(84): CodeIgniter\Boot::bootSpark(Object(Config\Paths))
#28 {main}
ERROR - 2024-08-07 01:01:12 --> mysqli_sql_exception: Unknown column 'penulis' in 'field list' in /Users/adamhaykalfirdaus/Desktop/uts1/system/Database/MySQLi/Connection.php:312
Stack trace:
#0 /Users/adamhaykalfirdaus/Desktop/uts1/system/Database/MySQLi/Connection.php(312): mysqli->query('INSERT INTO `ar...', 0)
#1 /Users/adamhaykalfirdaus/Desktop/uts1/system/Database/BaseConnection.php(734): CodeIgniter\Database\MySQLi\Connection->execute('INSERT INTO `ar...')
#2 /Users/adamhaykalfirdaus/Desktop/uts1/system/Database/BaseConnection.php(648): CodeIgniter\Database\BaseConnection->simpleQuery('INSERT INTO `ar...')
#3 /Users/adamhaykalfirdaus/Desktop/uts1/system/Database/BaseBuilder.php(1836): CodeIgniter\Database\BaseConnection->query('INSERT INTO `ar...', NULL, false)
#4 /Users/adamhaykalfirdaus/Desktop/uts1/system/Database/BaseBuilder.php(2225): CodeIgniter\Database\BaseBuilder->batchExecute('_insertBatch', 100)
#5 /Users/adamhaykalfirdaus/Desktop/uts1/app/Database/Seeds/ArtikelSeeder.php(38): CodeIgniter\Database\BaseBuilder->insertBatch(Array)
#6 /Users/adamhaykalfirdaus/Desktop/uts1/system/Database/Seeder.php(147): App\Database\Seeds\ArtikelSeeder->run()
#7 /Users/adamhaykalfirdaus/Desktop/uts1/system/Commands/Database/Seed.php(79): CodeIgniter\Database\Seeder->call('App\\Database\\Se...')
#8 /Users/adamhaykalfirdaus/Desktop/uts1/system/CLI/Commands.php(70): CodeIgniter\Commands\Database\Seed->run(Array)
#9 /Users/adamhaykalfirdaus/Desktop/uts1/system/CLI/Console.php(48): CodeIgniter\CLI\Commands->run('db:seed', Array)
#10 /Users/adamhaykalfirdaus/Desktop/uts1/system/Boot.php(351): CodeIgniter\CLI\Console->run()
#11 /Users/adamhaykalfirdaus/Desktop/uts1/system/Boot.php(104): CodeIgniter\Boot::runCommand(Object(CodeIgniter\CLI\Console))
#12 /Users/adamhaykalfirdaus/Desktop/uts1/spark(84): CodeIgniter\Boot::bootSpark(Object(Config\Paths))
#13 {main}
CRITICAL - 2024-08-07 01:05:28 --> ParseError: syntax error, unexpected single-quoted string "csrf", expecting "]"
[Method: GET, Route: admin/artikel]
in APPPATH/Config/Filters.php on line 29.
 1 SYSTEMPATH/Autoloader/Autoloader.php(296): CodeIgniter\Autoloader\Autoloader->includeFile('/Users/adamhaykalfirdaus/Desktop/uts1/app/Config/Filters.php')
 2 SYSTEMPATH/Autoloader/Autoloader.php(272): CodeIgniter\Autoloader\Autoloader->loadInNamespace('Config\\Filters')
 3 [internal function]: CodeIgniter\Autoloader\Autoloader->loadClass('Config\\Filters')
 4 SYSTEMPATH/Config/Factories.php(297): class_exists('Config\\Filters')
 5 SYSTEMPATH/Config/Factories.php(216): CodeIgniter\Config\Factories::locateClass([...], 'Config\\Filters')
 6 SYSTEMPATH/Config/Factories.php(159): CodeIgniter\Config\Factories::getDefinedInstance([...], 'Config\\Filters', [])
 7 SYSTEMPATH/Config/Factories.php(188): CodeIgniter\Config\Factories::__callStatic('config', [])
 8 SYSTEMPATH/Common.php(207): CodeIgniter\Config\Factories::get('config', 'Config\\Filters')
 9 SYSTEMPATH/Config/Services.php(295): config('Config\\Filters')
10 SYSTEMPATH/Config/BaseService.php(312): CodeIgniter\Config\Services::filters(null, false)
11 SYSTEMPATH/Config/BaseService.php(251): CodeIgniter\Config\BaseService::__callStatic('filters', [...])
12 SYSTEMPATH/Config/Services.php(292): CodeIgniter\Config\BaseService::getSharedInstance('filters', null)
13 SYSTEMPATH/Config/BaseService.php(321): CodeIgniter\Config\Services::filters()
14 SYSTEMPATH/CodeIgniter.php(346): CodeIgniter\Config\BaseService::__callStatic('filters', [])
15 SYSTEMPATH/Boot.php(325): CodeIgniter\CodeIgniter->run()
16 SYSTEMPATH/Boot.php(67): CodeIgniter\Boot::runCodeIgniter(Object(CodeIgniter\CodeIgniter))
17 FCPATH/index.php(56): CodeIgniter\Boot::bootWeb(Object(Config\Paths))
18 SYSTEMPATH/rewrite.php(44): require_once('/Users/adamhaykalfirdaus/Desktop/uts1/public/index.php')
CRITICAL - 2024-08-07 01:07:30 --> ParseError: syntax error, unexpected token "public", expecting end of file
[Method: GET, Route: admin/artikel]
in APPPATH/Controllers/Artikel.php on line 21.
 1 SYSTEMPATH/Autoloader/Autoloader.php(296): CodeIgniter\Autoloader\Autoloader->includeFile('/Users/adamhaykalfirdaus/Desktop/uts1/app/Controllers/Artikel.php')
 2 SYSTEMPATH/Autoloader/Autoloader.php(272): CodeIgniter\Autoloader\Autoloader->loadInNamespace('App\\Controllers\\Artikel')
 3 [internal function]: CodeIgniter\Autoloader\Autoloader->loadClass('App\\Controllers\\Artikel')
 4 SYSTEMPATH/CodeIgniter.php(887): class_exists('\\App\\Controllers\\Artikel', true)
 5 SYSTEMPATH/CodeIgniter.php(496): CodeIgniter\CodeIgniter->startController()
 6 SYSTEMPATH/CodeIgniter.php(355): CodeIgniter\CodeIgniter->handleRequest(null, Object(Config\Cache), false)
 7 SYSTEMPATH/Boot.php(325): CodeIgniter\CodeIgniter->run()
 8 SYSTEMPATH/Boot.php(67): CodeIgniter\Boot::runCodeIgniter(Object(CodeIgniter\CodeIgniter))
 9 FCPATH/index.php(56): CodeIgniter\Boot::bootWeb(Object(Config\Paths))
10 SYSTEMPATH/rewrite.php(44): require_once('/Users/adamhaykalfirdaus/Desktop/uts1/public/index.php')
CRITICAL - 2024-08-07 01:11:09 --> TypeError: url_title(): Argument #1 ($str) must be of type string, null given, called in /Users/adamhaykalfirdaus/Desktop/uts1/app/Controllers/Artikel.php on line 71
[Method: GET, Route: admin/artikel/edit/3]
in SYSTEMPATH/Helpers/url_helper.php on line 426.
 1 APPPATH/Controllers/Artikel.php(71): url_title(null, '-', true)
 2 SYSTEMPATH/CodeIgniter.php(933): App\Controllers\Artikel->edit('3')
 3 SYSTEMPATH/CodeIgniter.php(509): CodeIgniter\CodeIgniter->runController(Object(App\Controllers\Artikel))
 4 SYSTEMPATH/CodeIgniter.php(355): CodeIgniter\CodeIgniter->handleRequest(null, Object(Config\Cache), false)
 5 SYSTEMPATH/Boot.php(325): CodeIgniter\CodeIgniter->run()
 6 SYSTEMPATH/Boot.php(67): CodeIgniter\Boot::runCodeIgniter(Object(CodeIgniter\CodeIgniter))
 7 FCPATH/index.php(56): CodeIgniter\Boot::bootWeb(Object(Config\Paths))
 8 SYSTEMPATH/rewrite.php(44): require_once('/Users/adamhaykalfirdaus/Desktop/uts1/public/index.php')
CRITICAL - 2024-08-07 01:16:07 --> TypeError: url_title(): Argument #1 ($str) must be of type string, null given, called in /Users/adamhaykalfirdaus/Desktop/uts1/app/Controllers/Artikel.php on line 84
[Method: GET, Route: admin/artikel/edit/2]
in SYSTEMPATH/Helpers/url_helper.php on line 426.
 1 APPPATH/Controllers/Artikel.php(84): url_title(null, '-', true)
 2 SYSTEMPATH/CodeIgniter.php(933): App\Controllers\Artikel->edit('2')
 3 SYSTEMPATH/CodeIgniter.php(509): CodeIgniter\CodeIgniter->runController(Object(App\Controllers\Artikel))
 4 SYSTEMPATH/CodeIgniter.php(355): CodeIgniter\CodeIgniter->handleRequest(null, Object(Config\Cache), false)
 5 SYSTEMPATH/Boot.php(325): CodeIgniter\CodeIgniter->run()
 6 SYSTEMPATH/Boot.php(67): CodeIgniter\Boot::runCodeIgniter(Object(CodeIgniter\CodeIgniter))
 7 FCPATH/index.php(56): CodeIgniter\Boot::bootWeb(Object(Config\Paths))
 8 SYSTEMPATH/rewrite.php(44): require_once('/Users/adamhaykalfirdaus/Desktop/uts1/public/index.php')
CRITICAL - 2024-08-07 01:16:07 --> CodeIgniter\View\Exceptions\ViewException: Invalid file: "artikel/form_add.php"
[Method: GET, Route: admin/artikel/add]
in SYSTEMPATH/Exceptions/FrameworkException.php on line 41.
 1 SYSTEMPATH/View/View.php(222): CodeIgniter\Exceptions\FrameworkException::forInvalidFile('artikel/form_add.php')
 2 SYSTEMPATH/Common.php(1169): CodeIgniter\View\View->render('artikel/form_add', [], true)
 3 APPPATH/Controllers/Artikel.php(71): view('artikel/form_add', [...])
 4 SYSTEMPATH/CodeIgniter.php(933): App\Controllers\Artikel->add()
 5 SYSTEMPATH/CodeIgniter.php(509): CodeIgniter\CodeIgniter->runController(Object(App\Controllers\Artikel))
 6 SYSTEMPATH/CodeIgniter.php(355): CodeIgniter\CodeIgniter->handleRequest(null, Object(Config\Cache), false)
 7 SYSTEMPATH/Boot.php(325): CodeIgniter\CodeIgniter->run()
 8 SYSTEMPATH/Boot.php(67): CodeIgniter\Boot::runCodeIgniter(Object(CodeIgniter\CodeIgniter))
 9 FCPATH/index.php(56): CodeIgniter\Boot::bootWeb(Object(Config\Paths))
10 SYSTEMPATH/rewrite.php(44): require_once('/Users/adamhaykalfirdaus/Desktop/uts1/public/index.php')
CRITICAL - 2024-08-07 01:16:21 --> CodeIgniter\View\Exceptions\ViewException: Invalid file: "artikel/form_add.php"
[Method: GET, Route: admin/artikel/add]
in SYSTEMPATH/Exceptions/FrameworkException.php on line 41.
 1 SYSTEMPATH/View/View.php(222): CodeIgniter\Exceptions\FrameworkException::forInvalidFile('artikel/form_add.php')
 2 SYSTEMPATH/Common.php(1169): CodeIgniter\View\View->render('artikel/form_add', [], true)
 3 APPPATH/Controllers/Artikel.php(71): view('artikel/form_add', [...])
 4 SYSTEMPATH/CodeIgniter.php(933): App\Controllers\Artikel->add()
 5 SYSTEMPATH/CodeIgniter.php(509): CodeIgniter\CodeIgniter->runController(Object(App\Controllers\Artikel))
 6 SYSTEMPATH/CodeIgniter.php(355): CodeIgniter\CodeIgniter->handleRequest(null, Object(Config\Cache), false)
 7 SYSTEMPATH/Boot.php(325): CodeIgniter\CodeIgniter->run()
 8 SYSTEMPATH/Boot.php(67): CodeIgniter\Boot::runCodeIgniter(Object(CodeIgniter\CodeIgniter))
 9 FCPATH/index.php(56): CodeIgniter\Boot::bootWeb(Object(Config\Paths))
10 SYSTEMPATH/rewrite.php(44): require_once('/Users/adamhaykalfirdaus/Desktop/uts1/public/index.php')
CRITICAL - 2024-08-07 01:34:49 --> CodeIgniter\Database\Exceptions\DatabaseException: Updates are not allowed unless they contain a "where" or "like" clause.
[Method: PUT, Route: post/3]
in SYSTEMPATH/Model.php on line 456.
 1 SYSTEMPATH/BaseModel.php(1028): CodeIgniter\Model->doUpdate(null, [...])
 2 SYSTEMPATH/Model.php(865): CodeIgniter\BaseModel->update(null, [...])
 3 APPPATH/Controllers/Post.php(59): CodeIgniter\Model->update(null, [...])
 4 SYSTEMPATH/CodeIgniter.php(933): App\Controllers\Post->update(null)
 5 SYSTEMPATH/CodeIgniter.php(509): CodeIgniter\CodeIgniter->runController(Object(App\Controllers\Post))
 6 SYSTEMPATH/CodeIgniter.php(355): CodeIgniter\CodeIgniter->handleRequest(null, Object(Config\Cache), false)
 7 SYSTEMPATH/Boot.php(325): CodeIgniter\CodeIgniter->run()
 8 SYSTEMPATH/Boot.php(67): CodeIgniter\Boot::runCodeIgniter(Object(CodeIgniter\CodeIgniter))
 9 FCPATH/index.php(56): CodeIgniter\Boot::bootWeb(Object(Config\Paths))
10 SYSTEMPATH/rewrite.php(44): require_once('/Users/adamhaykalfirdaus/Desktop/uts1/public/index.php')
